<?xml version="1.0" encoding="UTF-8"?>
<!-- Generated by org.testng.reporters.JUnitReportReporter -->
<testsuite hostname="nirmala-pc" name="shoe_world.smoketest.WomensPage_Test" tests="1" failures="0" timestamp="22 Jun 2016 08:05:07 GMT" time="2.432" errors="0">
  <testcase name="IsAt_WomenPage" time="2.432" classname="shoe_world.smoketest.WomensPage_Test"/>
</testsuite> <!-- shoe_world.smoketest.WomensPage_Test -->
