<?xml version="1.0" encoding="UTF-8"?>
<!-- Generated by org.testng.reporters.JUnitReportReporter -->
<testsuite hostname="nirmala-pc" name="shoe_world.smoketest.MensPage_Test" tests="1" failures="0" timestamp="22 Jun 2016 12:17:10 GMT" time="18.313" errors="0">
  <testcase name="MensPageTest" time="18.313" classname="shoe_world.smoketest.MensPage_Test"/>
</testsuite> <!-- shoe_world.smoketest.MensPage_Test -->
