<?xml version="1.0" encoding="UTF-8"?>
<!-- Generated by org.testng.reporters.JUnitReportReporter -->
<testsuite hostname="nirmala-pc" name="Handling_Lists.GitHubLogin_CustomizedXpath" tests="1" failures="0" timestamp="28 Jun 2016 06:06:22 GMT" time="11.599" errors="0">
  <testcase name="GitHubLogin" time="11.599" classname="Handling_Lists.GitHubLogin_CustomizedXpath"/>
</testsuite> <!-- Handling_Lists.GitHubLogin_CustomizedXpath -->
