<?xml version="1.0" encoding="UTF-8"?>
<!-- Generated by org.testng.reporters.JUnitReportReporter -->
<testsuite hostname="nirmala-pc" name="shoe_world.smoketest.HomePage_Test" tests="1" failures="0" timestamp="22 Jun 2016 06:26:38 GMT" time="1.665" errors="0">
  <testcase name="IsAtHomePageTest" time="1.665" classname="shoe_world.smoketest.HomePage_Test"/>
</testsuite> <!-- shoe_world.smoketest.HomePage_Test -->
