<?xml version="1.0" encoding="UTF-8"?>
<!-- Generated by org.testng.reporters.JUnitReportReporter -->
<testsuite hostname="nirmala-pc" name="Handling_Lists.SpiceJet_ListHandling" tests="2" failures="0" timestamp="4 Jul 2016 06:36:08 GMT" time="38.501" errors="0">
  <testcase name="SpiceJet_ListHandling_Going_To" time="19.616" classname="Handling_Lists.SpiceJet_ListHandling"/>
  <testcase name="SpiceJet_ListHandling_LeavingFrom" time="18.885" classname="Handling_Lists.SpiceJet_ListHandling"/>
</testsuite> <!-- Handling_Lists.SpiceJet_ListHandling -->
