<?xml version="1.0" encoding="UTF-8"?>
<!-- Generated by org.testng.reporters.JUnitReportReporter -->
<testsuite hostname="nirmala-pc" name="Handling_Lists.List_Handling" tests="1" failures="0" timestamp="24 Jun 2016 11:59:04 GMT" time="11.739" errors="0">
  <testcase name="Handling" time="11.739" classname="Handling_Lists.List_Handling"/>
</testsuite> <!-- Handling_Lists.List_Handling -->
