<?xml version="1.0" encoding="UTF-8"?>
<!-- Generated by org.testng.reporters.JUnitReportReporter -->
<testsuite hostname="nirmala-pc" name="shoe_world.smoketest.SignInClass" tests="1" failures="0" timestamp="22 Jun 2016 13:17:32 GMT" time="26.854" errors="0">
  <testcase name="SignInTest" time="26.854" classname="shoe_world.smoketest.SignInClass"/>
</testsuite> <!-- shoe_world.smoketest.SignInClass -->
